<!doctype html>
<html lang="en"><head><meta charSet="utf-8"/><meta http-equiv="X-UA-Compatible" content="IE=edge"/><meta name="viewport" content="width=device-width, initial-scale=1"/><title>Mochawesome Report</title><link rel="stylesheet" href="assets\app.css"/></head><body data-raw="{&quot;stats&quot;:{&quot;suites&quot;:2,&quot;tests&quot;:5,&quot;passes&quot;:0,&quot;pending&quot;:0,&quot;failures&quot;:2,&quot;start&quot;:&quot;2022-02-13T15:26:47.330Z&quot;,&quot;end&quot;:&quot;2022-02-13T15:27:23.740Z&quot;,&quot;duration&quot;:9607,&quot;testsRegistered&quot;:5,&quot;passPercent&quot;:0,&quot;pendingPercent&quot;:0,&quot;other&quot;:0,&quot;hasOther&quot;:false,&quot;skipped&quot;:3,&quot;hasSkipped&quot;:true},&quot;results&quot;:[{&quot;uuid&quot;:&quot;c31ff5d0-2dd1-487f-af16-b2fd909b0dcd&quot;,&quot;title&quot;:&quot;&quot;,&quot;fullFile&quot;:&quot;cypress/integration/difdjg.spec.js&quot;,&quot;file&quot;:&quot;cypress/integration/difdjg.spec.js&quot;,&quot;beforeHooks&quot;:[],&quot;afterHooks&quot;:[],&quot;tests&quot;:[{&quot;title&quot;:&quot;An uncaught error was detected outside of a test&quot;,&quot;fullTitle&quot;:&quot;An uncaught error was detected outside of a test&quot;,&quot;timedOut&quot;:null,&quot;duration&quot;:1086,&quot;state&quot;:&quot;failed&quot;,&quot;speed&quot;:null,&quot;pass&quot;:false,&quot;fail&quot;:true,&quot;pending&quot;:false,&quot;context&quot;:null,&quot;code&quot;:&quot;throw err;&quot;,&quot;err&quot;:{&quot;message&quot;:&quot;CypressError: The following error originated from your test code, not from Cypress.\n\n  &gt; Cannot call `cy.session()` outside a running test.\n\nThis usually happens when you accidentally write commands outside an `it(...)` test.\n\nIf that is the case, just move these commands inside an `it(...)` test.\n\nCheck your test file for errors.\n\nWhen Cypress detects uncaught errors originating from your test code it will automatically fail the current test.\n\nCypress could not associate this error to any specific test.\n\nWe dynamically generated a new test to display this failure.\n\nhttps://on.cypress.io/cannot-execute-commands-outside-test&quot;,&quot;estack&quot;:&quot;CypressError: The following error originated from your test code, not from Cypress.\n\n  &gt; Cannot call `cy.session()` outside a running test.\n\nThis usually happens when you accidentally write commands outside an `it(...)` test.\n\nIf that is the case, just move these commands inside an `it(...)` test.\n\nCheck your test file for errors.\n\nWhen Cypress detects uncaught errors originating from your test code it will automatically fail the current test.\n\nCypress could not associate this error to any specific test.\n\nWe dynamically generated a new test to display this failure.\n\nhttps://on.cypress.io/cannot-execute-commands-outside-test\n    at $Cy.ensureRunnable (http://localhost:59818/__cypress/runner/cypress_runner.js:163727:76)\n    at $Cy.cy.&lt;computed&gt; [as session] (http://localhost:59818/__cypress/runner/cypress_runner.js:173122:10)\n    at Object.create (http://localhost:59818/__cypress/runner/cypress_runner.js:121238:19)\n    at context.describe.context.context (http://localhost:59818/__cypress/runner/cypress_runner.js:121014:27)\n    at http://localhost:59818/__cypress/runner/cypress_runner.js:177738:21\n    at http://localhost:59818/__cypress/runner/cypress_runner.js:180739:16\n    at arrayEach (http://localhost:59818/__cypress/runner/cypress_runner.js:41318:11)\n    at Function.forEach (http://localhost:59818/__cypress/runner/cypress_runner.js:50198:14)\n    at evalScripts (http://localhost:59818/__cypress/runner/cypress_runner.js:180738:49)\n    at http://localhost:59818/__cypress/runner/cypress_runner.js:180746:152\n    at tryCatcher (http://localhost:59818/__cypress/runner/cypress_runner.js:13196:23)\n    at Promise._settlePromiseFromHandler (http://localhost:59818/__cypress/runner/cypress_runner.js:11131:31)\n    at Promise._settlePromise (http://localhost:59818/__cypress/runner/cypress_runner.js:11188:18)\n    at Promise._settlePromise0 (http://localhost:59818/__cypress/runner/cypress_runner.js:11233:10)\n    at Promise._settlePromises (http://localhost:59818/__cypress/runner/cypress_runner.js:11313:18)\n    at Promise._fulfill (http://localhost:59818/__cypress/runner/cypress_runner.js:11257:18)&quot;,&quot;diff&quot;:null},&quot;uuid&quot;:&quot;b7dfcfbb-13b7-448e-920f-688d84c1e2b1&quot;,&quot;parentUUID&quot;:&quot;c31ff5d0-2dd1-487f-af16-b2fd909b0dcd&quot;,&quot;isHook&quot;:false,&quot;skipped&quot;:false}],&quot;suites&quot;:[],&quot;passes&quot;:[],&quot;failures&quot;:[&quot;b7dfcfbb-13b7-448e-920f-688d84c1e2b1&quot;],&quot;pending&quot;:[],&quot;skipped&quot;:[],&quot;duration&quot;:1086,&quot;root&quot;:true,&quot;rootEmpty&quot;:false,&quot;_timeout&quot;:2000},{&quot;uuid&quot;:&quot;4e83386e-b093-429a-8a9e-be980bfc5f25&quot;,&quot;title&quot;:&quot;&quot;,&quot;fullFile&quot;:&quot;cypress/integration/banners.spec.js&quot;,&quot;file&quot;:&quot;cypress/integration/banners.spec.js&quot;,&quot;beforeHooks&quot;:[],&quot;afterHooks&quot;:[],&quot;tests&quot;:[],&quot;suites&quot;:[{&quot;uuid&quot;:&quot;95e5250f-f60a-473e-bd5c-90e5e87494f9&quot;,&quot;title&quot;:&quot;Banners Category Test Cases&quot;,&quot;fullFile&quot;:&quot;&quot;,&quot;file&quot;:&quot;&quot;,&quot;beforeHooks&quot;:[],&quot;afterHooks&quot;:[],&quot;tests&quot;:[],&quot;suites&quot;:[{&quot;uuid&quot;:&quot;45579880-ca48-4a68-b545-5cdacea63aa5&quot;,&quot;title&quot;:&quot;\&quot;Add new\&quot; button&quot;,&quot;fullFile&quot;:&quot;&quot;,&quot;file&quot;:&quot;&quot;,&quot;beforeHooks&quot;:[],&quot;afterHooks&quot;:[],&quot;tests&quot;:[{&quot;title&quot;:&quot;Verify if clicking on the \&quot;Add new\&quot; button a new banner rectangle appears&quot;,&quot;fullTitle&quot;:&quot;Banners Category Test Cases \&quot;Add new\&quot; button Verify if clicking on the \&quot;Add new\&quot; button a new banner rectangle appears&quot;,&quot;timedOut&quot;:null,&quot;duration&quot;:8521,&quot;state&quot;:&quot;failed&quot;,&quot;speed&quot;:null,&quot;pass&quot;:false,&quot;fail&quot;:true,&quot;pending&quot;:false,&quot;context&quot;:null,&quot;code&quot;:&quot;cy.get(&#x27;.cdk-drag-disabled &gt; app-banner-item &gt; .banner-item&#x27;).should(&#x27;be.visible&#x27;);&quot;,&quot;err&quot;:{&quot;message&quot;:&quot;AssertionError: Timed out retrying after 4000ms: Expected to find content: &#x27; + Add New &#x27; but never did.\n\nBecause this error occurred during a `before each` hook we are skipping the remaining tests in the current suite: `\&quot;Add new\&quot; button`&quot;,&quot;estack&quot;:&quot;AssertionError: Timed out retrying after 4000ms: Expected to find content: &#x27; + Add New &#x27; but never did.\n\nBecause this error occurred during a `before each` hook we are skipping the remaining tests in the current suite: `\&quot;Add new\&quot; button`\n    at Context.eval (https://stagingadmin.seekunique.co/__cypress/tests?p=cypress\\integration\\banners.spec.js:111:10)&quot;,&quot;diff&quot;:null},&quot;uuid&quot;:&quot;6bf37d20-11a2-47df-8095-59b6e602189e&quot;,&quot;parentUUID&quot;:&quot;45579880-ca48-4a68-b545-5cdacea63aa5&quot;,&quot;isHook&quot;:false,&quot;skipped&quot;:false},{&quot;title&quot;:&quot;Verify if a new banner rectangle appears when not saving the previous added one&quot;,&quot;fullTitle&quot;:&quot;Banners Category Test Cases \&quot;Add new\&quot; button Verify if a new banner rectangle appears when not saving the previous added one&quot;,&quot;timedOut&quot;:null,&quot;duration&quot;:0,&quot;state&quot;:&quot;skipped&quot;,&quot;speed&quot;:null,&quot;pass&quot;:false,&quot;fail&quot;:false,&quot;pending&quot;:false,&quot;context&quot;:null,&quot;code&quot;:&quot;cy.get(&#x27;@addNew&#x27;).should(&#x27;be.disabled&#x27;);&quot;,&quot;err&quot;:{},&quot;uuid&quot;:&quot;d0efdb5a-f4ad-470d-99ca-628e87b29b00&quot;,&quot;parentUUID&quot;:&quot;45579880-ca48-4a68-b545-5cdacea63aa5&quot;,&quot;isHook&quot;:false,&quot;skipped&quot;:true},{&quot;title&quot;:&quot;Verify if by default the  \&quot;Image banner\&quot; radiobutton is selected&quot;,&quot;fullTitle&quot;:&quot;Banners Category Test Cases \&quot;Add new\&quot; button Verify if by default the  \&quot;Image banner\&quot; radiobutton is selected&quot;,&quot;timedOut&quot;:null,&quot;duration&quot;:0,&quot;state&quot;:&quot;skipped&quot;,&quot;speed&quot;:null,&quot;pass&quot;:false,&quot;fail&quot;:false,&quot;pending&quot;:false,&quot;context&quot;:null,&quot;code&quot;:&quot;cy.get(&#x27;.cdk-drag-disabled &gt; app-banner-item &gt; .banner-item&#x27;).should(&#x27;be.visible&#x27;);\ncy.get(&#x27;.ant-radio-wrapper-checked &gt; .ant-radio &gt; .ant-radio-input&#x27;).should(&#x27;be.checked&#x27;);&quot;,&quot;err&quot;:{},&quot;uuid&quot;:&quot;e2bf48f3-986b-4813-8ae6-f786cc0304b3&quot;,&quot;parentUUID&quot;:&quot;45579880-ca48-4a68-b545-5cdacea63aa5&quot;,&quot;isHook&quot;:false,&quot;skipped&quot;:true},{&quot;title&quot;:&quot;Verify if the \&quot;Image upload\&quot; section border line becomes red when clicking on the \&quot;Save\&quot; button without uploading an image&quot;,&quot;fullTitle&quot;:&quot;Banners Category Test Cases \&quot;Add new\&quot; button Verify if the \&quot;Image upload\&quot; section border line becomes red when clicking on the \&quot;Save\&quot; button without uploading an image&quot;,&quot;timedOut&quot;:null,&quot;duration&quot;:0,&quot;state&quot;:&quot;skipped&quot;,&quot;speed&quot;:null,&quot;pass&quot;:false,&quot;fail&quot;:false,&quot;pending&quot;:false,&quot;context&quot;:null,&quot;code&quot;:&quot;cy.get(&#x27;.ant-upload-drag-container&#x27;).then(drag =&gt; {});&quot;,&quot;err&quot;:{},&quot;uuid&quot;:&quot;ef1d6d60-470a-44b9-9774-189b62a9ce44&quot;,&quot;parentUUID&quot;:&quot;45579880-ca48-4a68-b545-5cdacea63aa5&quot;,&quot;isHook&quot;:false,&quot;skipped&quot;:true}],&quot;suites&quot;:[],&quot;passes&quot;:[],&quot;failures&quot;:[&quot;6bf37d20-11a2-47df-8095-59b6e602189e&quot;],&quot;pending&quot;:[],&quot;skipped&quot;:[&quot;d0efdb5a-f4ad-470d-99ca-628e87b29b00&quot;,&quot;e2bf48f3-986b-4813-8ae6-f786cc0304b3&quot;,&quot;ef1d6d60-470a-44b9-9774-189b62a9ce44&quot;],&quot;duration&quot;:8521,&quot;root&quot;:false,&quot;rootEmpty&quot;:false,&quot;_timeout&quot;:2000}],&quot;passes&quot;:[],&quot;failures&quot;:[],&quot;pending&quot;:[],&quot;skipped&quot;:[],&quot;duration&quot;:0,&quot;root&quot;:false,&quot;rootEmpty&quot;:false,&quot;_timeout&quot;:2000}],&quot;passes&quot;:[],&quot;failures&quot;:[],&quot;pending&quot;:[],&quot;skipped&quot;:[],&quot;duration&quot;:0,&quot;root&quot;:true,&quot;rootEmpty&quot;:true,&quot;_timeout&quot;:2000}],&quot;meta&quot;:{&quot;mocha&quot;:{&quot;version&quot;:&quot;7.0.1&quot;},&quot;mochawesome&quot;:{&quot;options&quot;:{&quot;quiet&quot;:false,&quot;reportFilename&quot;:&quot;mochawesome&quot;,&quot;saveHtml&quot;:false,&quot;saveJson&quot;:true,&quot;consoleReporter&quot;:&quot;spec&quot;,&quot;useInlineDiffs&quot;:false,&quot;code&quot;:true},&quot;version&quot;:&quot;7.0.1&quot;},&quot;marge&quot;:{&quot;options&quot;:{&quot;id&quot;:&quot;default&quot;,&quot;reportDir&quot;:&quot;cypress/results/mochawesome&quot;,&quot;overwrite&quot;:false,&quot;html&quot;:false,&quot;json&quot;:true},&quot;version&quot;:&quot;6.0.1&quot;}}}" data-config="{&quot;reportFilename&quot;:&quot;mochawesome&quot;,&quot;reportDir&quot;:&quot;mochawesome-report&quot;,&quot;reportTitle&quot;:&quot;test&quot;,&quot;reportPageTitle&quot;:&quot;Mochawesome Report&quot;,&quot;inline&quot;:false,&quot;inlineAssets&quot;:false,&quot;cdn&quot;:false,&quot;charts&quot;:false,&quot;enableCharts&quot;:false,&quot;code&quot;:true,&quot;enableCode&quot;:true,&quot;autoOpen&quot;:false,&quot;overwrite&quot;:true,&quot;timestamp&quot;:false,&quot;ts&quot;:false,&quot;showPassed&quot;:true,&quot;showFailed&quot;:true,&quot;showPending&quot;:true,&quot;showSkipped&quot;:false,&quot;showHooks&quot;:&quot;failed&quot;,&quot;saveJson&quot;:false,&quot;saveHtml&quot;:true,&quot;dev&quot;:false,&quot;assetsDir&quot;:&quot;mochawesome-report\\assets&quot;,&quot;htmlFile&quot;:&quot;C:\\Users\\dp_paros\\Desktop\\test\\mochawesome-report\\mochawesome.html&quot;}"><div id="report"></div><script src="assets\app.js"></script></body></html>